2025-05-30T21:40:35.149017Z 0 [System] [MY-015015] [Server] MySQL Server - start.
2025-05-30T21:40:35.384821Z 0 [System] [MY-010116] [Server] C:\Program Files\MySQL\MySQL Server 9.3\bin\mysqld.exe (mysqld 9.3.0) starting as process 21024
2025-05-30T21:40:35.494144Z 1 [System] [MY-013576] [InnoDB] InnoDB initialization has started.
2025-05-30T21:40:39.647929Z 1 [System] [MY-013577] [InnoDB] InnoDB initialization has ended.
2025-05-30T21:40:41.787107Z 0 [Warning] [MY-010068] [Server] CA certificate ca.pem is self signed.
2025-05-30T21:40:41.787792Z 0 [System] [MY-013602] [Server] Channel mysql_main configured to support TLS. Encrypted connections are now supported for this channel.
2025-05-30T21:40:41.831810Z 0 [System] [MY-011323] [Server] X Plugin ready for connections. Bind-address: '::' port: 33060
2025-05-30T21:40:41.831894Z 0 [System] [MY-010931] [Server] C:\Program Files\MySQL\MySQL Server 9.3\bin\mysqld.exe: ready for connections. Version: '9.3.0'  socket: ''  port: 3306  MySQL Community Server - GPL.
2025-05-31T00:28:53.558368Z 0 [System] [MY-015015] [Server] MySQL Server - start.
2025-05-31T00:28:53.849476Z 0 [System] [MY-010116] [Server] C:\Program Files\MySQL\MySQL Server 9.3\bin\mysqld.exe (mysqld 9.3.0) starting as process 5708
2025-05-31T00:28:54.001180Z 1 [System] [MY-013576] [InnoDB] InnoDB initialization has started.
2025-05-31T00:28:58.985935Z 1 [System] [MY-013577] [InnoDB] InnoDB initialization has ended.
2025-05-31T00:28:59.956120Z 0 [System] [MY-010229] [Server] Starting XA crash recovery...
2025-05-31T00:28:59.962410Z 0 [System] [MY-010232] [Server] XA crash recovery finished.
2025-05-31T00:29:00.624682Z 0 [Warning] [MY-010068] [Server] CA certificate ca.pem is self signed.
2025-05-31T00:29:00.624938Z 0 [System] [MY-013602] [Server] Channel mysql_main configured to support TLS. Encrypted connections are now supported for this channel.
2025-05-31T00:29:00.649829Z 0 [System] [MY-011323] [Server] X Plugin ready for connections. Bind-address: '::' port: 33060
2025-05-31T00:29:00.649917Z 0 [System] [MY-010931] [Server] C:\Program Files\MySQL\MySQL Server 9.3\bin\mysqld.exe: ready for connections. Version: '9.3.0'  socket: ''  port: 3306  MySQL Community Server - GPL.
2025-05-31T23:08:05.470131Z 0 [System] [MY-015015] [Server] MySQL Server - start.
2025-05-31T23:08:05.740530Z 0 [System] [MY-010116] [Server] C:\Program Files\MySQL\MySQL Server 9.3\bin\mysqld.exe (mysqld 9.3.0) starting as process 6048
2025-05-31T23:08:05.875221Z 1 [System] [MY-013576] [InnoDB] InnoDB initialization has started.
2025-05-31T23:08:11.084811Z 1 [System] [MY-013577] [InnoDB] InnoDB initialization has ended.
2025-05-31T23:08:11.618597Z 0 [System] [MY-010229] [Server] Starting XA crash recovery...
2025-05-31T23:08:11.622081Z 0 [System] [MY-010232] [Server] XA crash recovery finished.
2025-05-31T23:08:12.345201Z 0 [Warning] [MY-010068] [Server] CA certificate ca.pem is self signed.
2025-05-31T23:08:12.345451Z 0 [System] [MY-013602] [Server] Channel mysql_main configured to support TLS. Encrypted connections are now supported for this channel.
2025-05-31T23:08:12.405277Z 0 [System] [MY-011323] [Server] X Plugin ready for connections. Bind-address: '::' port: 33060
2025-05-31T23:08:12.405299Z 0 [System] [MY-010931] [Server] C:\Program Files\MySQL\MySQL Server 9.3\bin\mysqld.exe: ready for connections. Version: '9.3.0'  socket: ''  port: 3306  MySQL Community Server - GPL.
2025-06-02T07:55:18.078025Z 0 [System] [MY-015015] [Server] MySQL Server - start.
2025-06-02T07:55:18.369690Z 0 [System] [MY-010116] [Server] C:\Program Files\MySQL\MySQL Server 9.3\bin\mysqld.exe (mysqld 9.3.0) starting as process 6080
2025-06-02T07:55:18.493778Z 1 [System] [MY-013576] [InnoDB] InnoDB initialization has started.
2025-06-02T07:55:23.082418Z 1 [System] [MY-013577] [InnoDB] InnoDB initialization has ended.
2025-06-02T07:55:23.818560Z 0 [System] [MY-010229] [Server] Starting XA crash recovery...
2025-06-02T07:55:23.823257Z 0 [System] [MY-010232] [Server] XA crash recovery finished.
2025-06-02T07:55:24.787289Z 0 [Warning] [MY-010068] [Server] CA certificate ca.pem is self signed.
2025-06-02T07:55:24.787621Z 0 [System] [MY-013602] [Server] Channel mysql_main configured to support TLS. Encrypted connections are now supported for this channel.
2025-06-02T07:55:24.848709Z 0 [System] [MY-011323] [Server] X Plugin ready for connections. Bind-address: '::' port: 33060
2025-06-02T07:55:24.848872Z 0 [System] [MY-010931] [Server] C:\Program Files\MySQL\MySQL Server 9.3\bin\mysqld.exe: ready for connections. Version: '9.3.0'  socket: ''  port: 3306  MySQL Community Server - GPL.
2025-06-06T22:43:02.705939Z 33 [Warning] [MY-010055] [Server] IP address '192.168.7.184' could not be resolved: No such host is known. 
2025-06-07T11:58:49.574845Z 0 [System] [MY-013105] [Server] C:\Program Files\MySQL\MySQL Server 9.3\bin\mysqld.exe: Normal shutdown.
2025-06-07T11:58:50.520315Z 0 [System] [MY-010910] [Server] C:\Program Files\MySQL\MySQL Server 9.3\bin\mysqld.exe: Shutdown complete (mysqld 9.3.0)  MySQL Community Server - GPL.
2025-06-07T11:58:50.520986Z 0 [System] [MY-015016] [Server] MySQL Server - end.
2025-06-07T11:59:33.424529Z 0 [System] [MY-015015] [Server] MySQL Server - start.
2025-06-07T11:59:33.759076Z 0 [System] [MY-010116] [Server] C:\Program Files\MySQL\MySQL Server 9.3\bin\mysqld.exe (mysqld 9.3.0) starting as process 6048
2025-06-07T11:59:33.912118Z 1 [System] [MY-013576] [InnoDB] InnoDB initialization has started.
2025-06-07T11:59:38.929175Z 1 [System] [MY-013577] [InnoDB] InnoDB initialization has ended.
2025-06-07T11:59:40.368411Z 0 [Warning] [MY-010068] [Server] CA certificate ca.pem is self signed.
2025-06-07T11:59:40.368788Z 0 [System] [MY-013602] [Server] Channel mysql_main configured to support TLS. Encrypted connections are now supported for this channel.
2025-06-07T11:59:40.441122Z 0 [System] [MY-011323] [Server] X Plugin ready for connections. Bind-address: '::' port: 33060
2025-06-07T11:59:40.441263Z 0 [System] [MY-010931] [Server] C:\Program Files\MySQL\MySQL Server 9.3\bin\mysqld.exe: ready for connections. Version: '9.3.0'  socket: ''  port: 3306  MySQL Community Server - GPL.
2025-06-10T07:42:54.622315Z 0 [System] [MY-015015] [Server] MySQL Server - start.
2025-06-10T07:42:54.900401Z 0 [System] [MY-010116] [Server] C:\Program Files\MySQL\MySQL Server 9.3\bin\mysqld.exe (mysqld 9.3.0) starting as process 4348
2025-06-10T07:42:55.063527Z 1 [System] [MY-013576] [InnoDB] InnoDB initialization has started.
2025-06-10T07:42:59.415686Z 1 [System] [MY-013577] [InnoDB] InnoDB initialization has ended.
2025-06-10T07:43:00.144611Z 0 [System] [MY-010229] [Server] Starting XA crash recovery...
2025-06-10T07:43:00.148699Z 0 [System] [MY-010232] [Server] XA crash recovery finished.
2025-06-10T07:43:01.030402Z 0 [Warning] [MY-010068] [Server] CA certificate ca.pem is self signed.
2025-06-10T07:43:01.030664Z 0 [System] [MY-013602] [Server] Channel mysql_main configured to support TLS. Encrypted connections are now supported for this channel.
2025-06-10T07:43:01.076416Z 0 [System] [MY-011323] [Server] X Plugin ready for connections. Bind-address: '::' port: 33060
2025-06-10T07:43:01.076488Z 0 [System] [MY-010931] [Server] C:\Program Files\MySQL\MySQL Server 9.3\bin\mysqld.exe: ready for connections. Version: '9.3.0'  socket: ''  port: 3306  MySQL Community Server - GPL.
2025-06-10T11:05:33.191724Z 0 [System] [MY-013105] [Server] C:\Program Files\MySQL\MySQL Server 9.3\bin\mysqld.exe: Normal shutdown.
2025-06-10T11:05:37.281444Z 0 [System] [MY-010910] [Server] C:\Program Files\MySQL\MySQL Server 9.3\bin\mysqld.exe: Shutdown complete (mysqld 9.3.0)  MySQL Community Server - GPL.
2025-06-10T11:05:37.281843Z 0 [System] [MY-015016] [Server] MySQL Server - end.
2025-06-10T11:06:20.488334Z 0 [System] [MY-015015] [Server] MySQL Server - start.
2025-06-10T11:06:20.736077Z 0 [System] [MY-010116] [Server] C:\Program Files\MySQL\MySQL Server 9.3\bin\mysqld.exe (mysqld 9.3.0) starting as process 6052
2025-06-10T11:06:20.923588Z 1 [System] [MY-013576] [InnoDB] InnoDB initialization has started.
2025-06-10T11:06:25.349036Z 1 [System] [MY-013577] [InnoDB] InnoDB initialization has ended.
2025-06-10T11:06:26.689706Z 0 [Warning] [MY-010068] [Server] CA certificate ca.pem is self signed.
2025-06-10T11:06:26.689990Z 0 [System] [MY-013602] [Server] Channel mysql_main configured to support TLS. Encrypted connections are now supported for this channel.
2025-06-10T11:06:26.803308Z 0 [System] [MY-011323] [Server] X Plugin ready for connections. Bind-address: '::' port: 33060
2025-06-10T11:06:26.803406Z 0 [System] [MY-010931] [Server] C:\Program Files\MySQL\MySQL Server 9.3\bin\mysqld.exe: ready for connections. Version: '9.3.0'  socket: ''  port: 3306  MySQL Community Server - GPL.
2025-06-12T11:29:24.055797Z 0 [System] [MY-013105] [Server] C:\Program Files\MySQL\MySQL Server 9.3\bin\mysqld.exe: Normal shutdown.
2025-06-12T11:29:24.881346Z 0 [System] [MY-010910] [Server] C:\Program Files\MySQL\MySQL Server 9.3\bin\mysqld.exe: Shutdown complete (mysqld 9.3.0)  MySQL Community Server - GPL.
2025-06-12T11:29:24.881731Z 0 [System] [MY-015016] [Server] MySQL Server - end.
2025-06-12T11:30:05.380660Z 0 [System] [MY-015015] [Server] MySQL Server - start.
2025-06-12T11:30:05.601741Z 0 [System] [MY-010116] [Server] C:\Program Files\MySQL\MySQL Server 9.3\bin\mysqld.exe (mysqld 9.3.0) starting as process 5900
2025-06-12T11:30:05.749270Z 1 [System] [MY-013576] [InnoDB] InnoDB initialization has started.
2025-06-12T11:30:10.229686Z 1 [System] [MY-013577] [InnoDB] InnoDB initialization has ended.
2025-06-12T11:30:11.543032Z 0 [Warning] [MY-010068] [Server] CA certificate ca.pem is self signed.
2025-06-12T11:30:11.543577Z 0 [System] [MY-013602] [Server] Channel mysql_main configured to support TLS. Encrypted connections are now supported for this channel.
2025-06-12T11:30:11.719459Z 0 [System] [MY-011323] [Server] X Plugin ready for connections. Bind-address: '::' port: 33060
2025-06-12T11:30:11.719503Z 0 [System] [MY-010931] [Server] C:\Program Files\MySQL\MySQL Server 9.3\bin\mysqld.exe: ready for connections. Version: '9.3.0'  socket: ''  port: 3306  MySQL Community Server - GPL.
2025-06-13T21:30:52.035793Z 0 [System] [MY-015015] [Server] MySQL Server - start.
2025-06-13T21:30:52.268715Z 0 [System] [MY-010116] [Server] C:\Program Files\MySQL\MySQL Server 9.3\bin\mysqld.exe (mysqld 9.3.0) starting as process 5644
2025-06-13T21:30:52.429447Z 1 [System] [MY-013576] [InnoDB] InnoDB initialization has started.
2025-06-13T21:30:57.484493Z 1 [System] [MY-013577] [InnoDB] InnoDB initialization has ended.
2025-06-13T21:30:58.029499Z 0 [System] [MY-010229] [Server] Starting XA crash recovery...
2025-06-13T21:30:58.033285Z 0 [System] [MY-010232] [Server] XA crash recovery finished.
2025-06-13T21:30:58.846956Z 0 [Warning] [MY-010068] [Server] CA certificate ca.pem is self signed.
2025-06-13T21:30:58.847224Z 0 [System] [MY-013602] [Server] Channel mysql_main configured to support TLS. Encrypted connections are now supported for this channel.
2025-06-13T21:30:58.922077Z 0 [System] [MY-011323] [Server] X Plugin ready for connections. Bind-address: '::' port: 33060
2025-06-13T21:30:58.922121Z 0 [System] [MY-010931] [Server] C:\Program Files\MySQL\MySQL Server 9.3\bin\mysqld.exe: ready for connections. Version: '9.3.0'  socket: ''  port: 3306  MySQL Community Server - GPL.
2025-06-14T02:22:30.310799Z 0 [System] [MY-015015] [Server] MySQL Server - start.
2025-06-14T02:22:30.720358Z 0 [System] [MY-010116] [Server] C:\Program Files\MySQL\MySQL Server 9.3\bin\mysqld.exe (mysqld 9.3.0) starting as process 6104
2025-06-14T02:22:30.883995Z 1 [System] [MY-013576] [InnoDB] InnoDB initialization has started.
2025-06-14T02:22:36.358447Z 1 [System] [MY-013577] [InnoDB] InnoDB initialization has ended.
2025-06-14T02:22:36.887652Z 0 [System] [MY-010229] [Server] Starting XA crash recovery...
2025-06-14T02:22:36.891098Z 0 [System] [MY-010232] [Server] XA crash recovery finished.
2025-06-14T02:22:37.372339Z 0 [Warning] [MY-010068] [Server] CA certificate ca.pem is self signed.
2025-06-14T02:22:37.372609Z 0 [System] [MY-013602] [Server] Channel mysql_main configured to support TLS. Encrypted connections are now supported for this channel.
2025-06-14T02:22:37.725887Z 0 [System] [MY-011323] [Server] X Plugin ready for connections. Bind-address: '::' port: 33060
2025-06-14T02:22:37.725871Z 0 [System] [MY-010931] [Server] C:\Program Files\MySQL\MySQL Server 9.3\bin\mysqld.exe: ready for connections. Version: '9.3.0'  socket: ''  port: 3306  MySQL Community Server - GPL.
2025-06-14T06:46:03.779762Z 0 [System] [MY-013105] [Server] C:\Program Files\MySQL\MySQL Server 9.3\bin\mysqld.exe: Normal shutdown.
2025-06-14T06:46:04.428271Z 0 [System] [MY-010910] [Server] C:\Program Files\MySQL\MySQL Server 9.3\bin\mysqld.exe: Shutdown complete (mysqld 9.3.0)  MySQL Community Server - GPL.
2025-06-14T06:46:04.428651Z 0 [System] [MY-015016] [Server] MySQL Server - end.
2025-06-14T06:46:42.374519Z 0 [System] [MY-015015] [Server] MySQL Server - start.
2025-06-14T06:46:42.645187Z 0 [System] [MY-010116] [Server] C:\Program Files\MySQL\MySQL Server 9.3\bin\mysqld.exe (mysqld 9.3.0) starting as process 5788
2025-06-14T06:46:42.818186Z 1 [System] [MY-013576] [InnoDB] InnoDB initialization has started.
2025-06-14T06:46:47.135003Z 1 [System] [MY-013577] [InnoDB] InnoDB initialization has ended.
2025-06-14T06:46:48.867425Z 0 [Warning] [MY-010068] [Server] CA certificate ca.pem is self signed.
2025-06-14T06:46:48.867704Z 0 [System] [MY-013602] [Server] Channel mysql_main configured to support TLS. Encrypted connections are now supported for this channel.
2025-06-14T06:46:49.352142Z 0 [System] [MY-011323] [Server] X Plugin ready for connections. Bind-address: '::' port: 33060
2025-06-14T06:46:49.352176Z 0 [System] [MY-010931] [Server] C:\Program Files\MySQL\MySQL Server 9.3\bin\mysqld.exe: ready for connections. Version: '9.3.0'  socket: ''  port: 3306  MySQL Community Server - GPL.
2025-06-14T06:55:16.007631Z 0 [System] [MY-015015] [Server] MySQL Server - start.
2025-06-14T06:55:16.235808Z 0 [System] [MY-010116] [Server] C:\Program Files\MySQL\MySQL Server 9.3\bin\mysqld.exe (mysqld 9.3.0) starting as process 5888
2025-06-14T06:55:16.480282Z 1 [System] [MY-013576] [InnoDB] InnoDB initialization has started.
2025-06-14T06:55:21.799461Z 1 [System] [MY-013577] [InnoDB] InnoDB initialization has ended.
2025-06-14T06:55:22.449201Z 0 [System] [MY-010229] [Server] Starting XA crash recovery...
2025-06-14T06:55:22.452782Z 0 [System] [MY-010232] [Server] XA crash recovery finished.
2025-06-14T06:55:23.180438Z 0 [Warning] [MY-010068] [Server] CA certificate ca.pem is self signed.
2025-06-14T06:55:23.180705Z 0 [System] [MY-013602] [Server] Channel mysql_main configured to support TLS. Encrypted connections are now supported for this channel.
2025-06-14T06:55:23.250658Z 0 [System] [MY-011323] [Server] X Plugin ready for connections. Bind-address: '::' port: 33060
2025-06-14T06:55:23.250701Z 0 [System] [MY-010931] [Server] C:\Program Files\MySQL\MySQL Server 9.3\bin\mysqld.exe: ready for connections. Version: '9.3.0'  socket: ''  port: 3306  MySQL Community Server - GPL.
2025-06-14T06:58:09.661636Z 0 [System] [MY-013105] [Server] C:\Program Files\MySQL\MySQL Server 9.3\bin\mysqld.exe: Normal shutdown.
2025-06-14T06:58:10.462308Z 0 [System] [MY-010910] [Server] C:\Program Files\MySQL\MySQL Server 9.3\bin\mysqld.exe: Shutdown complete (mysqld 9.3.0)  MySQL Community Server - GPL.
2025-06-14T06:58:10.463044Z 0 [System] [MY-015016] [Server] MySQL Server - end.
2025-06-14T06:58:57.846151Z 0 [System] [MY-015015] [Server] MySQL Server - start.
2025-06-14T06:58:58.139356Z 0 [System] [MY-010116] [Server] C:\Program Files\MySQL\MySQL Server 9.3\bin\mysqld.exe (mysqld 9.3.0) starting as process 6032
2025-06-14T06:58:58.299425Z 1 [System] [MY-013576] [InnoDB] InnoDB initialization has started.
2025-06-14T06:59:02.895223Z 1 [System] [MY-013577] [InnoDB] InnoDB initialization has ended.
2025-06-14T06:59:05.198048Z 0 [Warning] [MY-010068] [Server] CA certificate ca.pem is self signed.
2025-06-14T06:59:05.198323Z 0 [System] [MY-013602] [Server] Channel mysql_main configured to support TLS. Encrypted connections are now supported for this channel.
2025-06-14T06:59:05.248966Z 0 [System] [MY-011323] [Server] X Plugin ready for connections. Bind-address: '::' port: 33060
2025-06-14T06:59:05.249087Z 0 [System] [MY-010931] [Server] C:\Program Files\MySQL\MySQL Server 9.3\bin\mysqld.exe: ready for connections. Version: '9.3.0'  socket: ''  port: 3306  MySQL Community Server - GPL.
2025-06-20T23:46:37.994046Z 0 [System] [MY-013105] [Server] C:\Program Files\MySQL\MySQL Server 9.3\bin\mysqld.exe: Normal shutdown.
2025-06-20T23:46:38.808880Z 0 [System] [MY-010910] [Server] C:\Program Files\MySQL\MySQL Server 9.3\bin\mysqld.exe: Shutdown complete (mysqld 9.3.0)  MySQL Community Server - GPL.
2025-06-20T23:46:38.809316Z 0 [System] [MY-015016] [Server] MySQL Server - end.
2025-06-20T23:47:28.698689Z 0 [System] [MY-015015] [Server] MySQL Server - start.
2025-06-20T23:47:28.904638Z 0 [System] [MY-010116] [Server] C:\Program Files\MySQL\MySQL Server 9.3\bin\mysqld.exe (mysqld 9.3.0) starting as process 6008
2025-06-20T23:47:29.056671Z 1 [System] [MY-013576] [InnoDB] InnoDB initialization has started.
2025-06-20T23:47:34.356660Z 1 [System] [MY-013577] [InnoDB] InnoDB initialization has ended.
2025-06-20T23:47:36.063300Z 0 [Warning] [MY-010068] [Server] CA certificate ca.pem is self signed.
2025-06-20T23:47:36.063585Z 0 [System] [MY-013602] [Server] Channel mysql_main configured to support TLS. Encrypted connections are now supported for this channel.
2025-06-20T23:47:36.127991Z 0 [System] [MY-011323] [Server] X Plugin ready for connections. Bind-address: '::' port: 33060
2025-06-20T23:47:36.128180Z 0 [System] [MY-010931] [Server] C:\Program Files\MySQL\MySQL Server 9.3\bin\mysqld.exe: ready for connections. Version: '9.3.0'  socket: ''  port: 3306  MySQL Community Server - GPL.
2025-06-21T08:53:55.324163Z 0 [System] [MY-015015] [Server] MySQL Server - start.
2025-06-21T08:53:55.606246Z 0 [System] [MY-010116] [Server] C:\Program Files\MySQL\MySQL Server 9.3\bin\mysqld.exe (mysqld 9.3.0) starting as process 6296
2025-06-21T08:53:55.750464Z 1 [System] [MY-013576] [InnoDB] InnoDB initialization has started.
2025-06-21T08:54:01.236479Z 1 [System] [MY-013577] [InnoDB] InnoDB initialization has ended.
2025-06-21T08:54:01.880094Z 0 [System] [MY-010229] [Server] Starting XA crash recovery...
2025-06-21T08:54:01.883614Z 0 [System] [MY-010232] [Server] XA crash recovery finished.
2025-06-21T08:54:02.798484Z 0 [Warning] [MY-010068] [Server] CA certificate ca.pem is self signed.
2025-06-21T08:54:02.798713Z 0 [System] [MY-013602] [Server] Channel mysql_main configured to support TLS. Encrypted connections are now supported for this channel.
2025-06-21T08:54:02.904749Z 0 [System] [MY-011323] [Server] X Plugin ready for connections. Bind-address: '::' port: 33060
2025-06-21T08:54:02.904735Z 0 [System] [MY-010931] [Server] C:\Program Files\MySQL\MySQL Server 9.3\bin\mysqld.exe: ready for connections. Version: '9.3.0'  socket: ''  port: 3306  MySQL Community Server - GPL.
2025-06-21T09:59:10.864616Z 0 [System] [MY-015015] [Server] MySQL Server - start.
2025-06-21T09:59:11.223211Z 0 [System] [MY-010116] [Server] C:\Program Files\MySQL\MySQL Server 9.3\bin\mysqld.exe (mysqld 9.3.0) starting as process 6152
2025-06-21T09:59:11.306449Z 1 [System] [MY-013576] [InnoDB] InnoDB initialization has started.
2025-06-21T09:59:17.200327Z 1 [System] [MY-013577] [InnoDB] InnoDB initialization has ended.
2025-06-21T09:59:17.750946Z 0 [System] [MY-010229] [Server] Starting XA crash recovery...
2025-06-21T09:59:17.754729Z 0 [System] [MY-010232] [Server] XA crash recovery finished.
2025-06-21T09:59:18.514265Z 0 [Warning] [MY-010068] [Server] CA certificate ca.pem is self signed.
2025-06-21T09:59:18.514533Z 0 [System] [MY-013602] [Server] Channel mysql_main configured to support TLS. Encrypted connections are now supported for this channel.
2025-06-21T09:59:18.670875Z 0 [System] [MY-011323] [Server] X Plugin ready for connections. Bind-address: '::' port: 33060
2025-06-21T09:59:18.670966Z 0 [System] [MY-010931] [Server] C:\Program Files\MySQL\MySQL Server 9.3\bin\mysqld.exe: ready for connections. Version: '9.3.0'  socket: ''  port: 3306  MySQL Community Server - GPL.
2025-06-21T11:14:38.974469Z 0 [System] [MY-015015] [Server] MySQL Server - start.
2025-06-21T11:14:39.279140Z 0 [System] [MY-010116] [Server] C:\Program Files\MySQL\MySQL Server 9.3\bin\mysqld.exe (mysqld 9.3.0) starting as process 6132
2025-06-21T11:14:39.457808Z 1 [System] [MY-013576] [InnoDB] InnoDB initialization has started.
2025-06-21T11:14:44.964215Z 1 [System] [MY-013577] [InnoDB] InnoDB initialization has ended.
2025-06-21T11:14:45.597502Z 0 [System] [MY-010229] [Server] Starting XA crash recovery...
2025-06-21T11:14:45.601149Z 0 [System] [MY-010232] [Server] XA crash recovery finished.
2025-06-21T11:14:46.393955Z 0 [Warning] [MY-010068] [Server] CA certificate ca.pem is self signed.
2025-06-21T11:14:46.394222Z 0 [System] [MY-013602] [Server] Channel mysql_main configured to support TLS. Encrypted connections are now supported for this channel.
2025-06-21T11:14:46.462396Z 0 [System] [MY-011323] [Server] X Plugin ready for connections. Bind-address: '::' port: 33060
2025-06-21T11:14:46.462443Z 0 [System] [MY-010931] [Server] C:\Program Files\MySQL\MySQL Server 9.3\bin\mysqld.exe: ready for connections. Version: '9.3.0'  socket: ''  port: 3306  MySQL Community Server - GPL.
2025-06-21T13:33:04.033145Z 0 [System] [MY-015015] [Server] MySQL Server - start.
2025-06-21T13:33:04.438385Z 0 [System] [MY-010116] [Server] C:\Program Files\MySQL\MySQL Server 9.3\bin\mysqld.exe (mysqld 9.3.0) starting as process 4584
2025-06-21T13:33:04.590412Z 1 [System] [MY-013576] [InnoDB] InnoDB initialization has started.
2025-06-21T13:33:09.423714Z 1 [System] [MY-013577] [InnoDB] InnoDB initialization has ended.
2025-06-21T13:33:10.118070Z 0 [System] [MY-010229] [Server] Starting XA crash recovery...
2025-06-21T13:33:10.122217Z 0 [System] [MY-010232] [Server] XA crash recovery finished.
2025-06-21T13:33:11.192880Z 0 [Warning] [MY-010068] [Server] CA certificate ca.pem is self signed.
2025-06-21T13:33:11.193294Z 0 [System] [MY-013602] [Server] Channel mysql_main configured to support TLS. Encrypted connections are now supported for this channel.
2025-06-21T13:33:11.270635Z 0 [System] [MY-011323] [Server] X Plugin ready for connections. Bind-address: '::' port: 33060
2025-06-21T13:33:11.270759Z 0 [System] [MY-010931] [Server] C:\Program Files\MySQL\MySQL Server 9.3\bin\mysqld.exe: ready for connections. Version: '9.3.0'  socket: ''  port: 3306  MySQL Community Server - GPL.
2025-06-24T06:25:00.466255Z 0 [System] [MY-013105] [Server] C:\Program Files\MySQL\MySQL Server 9.3\bin\mysqld.exe: Normal shutdown.
2025-06-24T06:25:01.429042Z 0 [System] [MY-010910] [Server] C:\Program Files\MySQL\MySQL Server 9.3\bin\mysqld.exe: Shutdown complete (mysqld 9.3.0)  MySQL Community Server - GPL.
2025-06-24T06:25:01.429655Z 0 [System] [MY-015016] [Server] MySQL Server - end.
2025-06-24T06:25:40.578160Z 0 [System] [MY-015015] [Server] MySQL Server - start.
2025-06-24T06:25:40.836352Z 0 [System] [MY-010116] [Server] C:\Program Files\MySQL\MySQL Server 9.3\bin\mysqld.exe (mysqld 9.3.0) starting as process 6084
2025-06-24T06:25:40.983024Z 1 [System] [MY-013576] [InnoDB] InnoDB initialization has started.
2025-06-24T06:25:45.726652Z 1 [System] [MY-013577] [InnoDB] InnoDB initialization has ended.
2025-06-24T06:25:47.043796Z 0 [Warning] [MY-010068] [Server] CA certificate ca.pem is self signed.
2025-06-24T06:25:47.044065Z 0 [System] [MY-013602] [Server] Channel mysql_main configured to support TLS. Encrypted connections are now supported for this channel.
2025-06-24T06:25:47.121060Z 0 [System] [MY-011323] [Server] X Plugin ready for connections. Bind-address: '::' port: 33060
2025-06-24T06:25:47.121131Z 0 [System] [MY-010931] [Server] C:\Program Files\MySQL\MySQL Server 9.3\bin\mysqld.exe: ready for connections. Version: '9.3.0'  socket: ''  port: 3306  MySQL Community Server - GPL.
2025-06-24T15:51:56.908987Z 0 [System] [MY-015015] [Server] MySQL Server - start.
2025-06-24T15:51:57.235182Z 0 [System] [MY-010116] [Server] C:\Program Files\MySQL\MySQL Server 9.3\bin\mysqld.exe (mysqld 9.3.0) starting as process 5632
2025-06-24T15:51:57.357251Z 1 [System] [MY-013576] [InnoDB] InnoDB initialization has started.
2025-06-24T15:52:02.621627Z 1 [System] [MY-013577] [InnoDB] InnoDB initialization has ended.
2025-06-24T15:52:03.194578Z 0 [System] [MY-010229] [Server] Starting XA crash recovery...
2025-06-24T15:52:03.197973Z 0 [System] [MY-010232] [Server] XA crash recovery finished.
2025-06-24T15:52:03.917239Z 0 [Warning] [MY-010068] [Server] CA certificate ca.pem is self signed.
2025-06-24T15:52:03.917465Z 0 [System] [MY-013602] [Server] Channel mysql_main configured to support TLS. Encrypted connections are now supported for this channel.
2025-06-24T15:52:04.023367Z 0 [System] [MY-011323] [Server] X Plugin ready for connections. Bind-address: '::' port: 33060
2025-06-24T15:52:04.023450Z 0 [System] [MY-010931] [Server] C:\Program Files\MySQL\MySQL Server 9.3\bin\mysqld.exe: ready for connections. Version: '9.3.0'  socket: ''  port: 3306  MySQL Community Server - GPL.
2025-06-25T06:24:59.786891Z 0 [System] [MY-015015] [Server] MySQL Server - start.
2025-06-25T06:25:00.128455Z 0 [System] [MY-010116] [Server] C:\Program Files\MySQL\MySQL Server 9.3\bin\mysqld.exe (mysqld 9.3.0) starting as process 4468
2025-06-25T06:25:00.273096Z 1 [System] [MY-013576] [InnoDB] InnoDB initialization has started.
2025-06-25T06:25:05.410401Z 1 [System] [MY-013577] [InnoDB] InnoDB initialization has ended.
2025-06-25T06:25:06.105451Z 0 [System] [MY-010229] [Server] Starting XA crash recovery...
2025-06-25T06:25:06.109364Z 0 [System] [MY-010232] [Server] XA crash recovery finished.
2025-06-25T06:25:07.003236Z 0 [Warning] [MY-010068] [Server] CA certificate ca.pem is self signed.
2025-06-25T06:25:07.003501Z 0 [System] [MY-013602] [Server] Channel mysql_main configured to support TLS. Encrypted connections are now supported for this channel.
2025-06-25T06:25:07.083606Z 0 [System] [MY-011323] [Server] X Plugin ready for connections. Bind-address: '::' port: 33060
2025-06-25T06:25:07.083647Z 0 [System] [MY-010931] [Server] C:\Program Files\MySQL\MySQL Server 9.3\bin\mysqld.exe: ready for connections. Version: '9.3.0'  socket: ''  port: 3306  MySQL Community Server - GPL.
2025-06-25T06:45:38.719652Z 0 [System] [MY-015015] [Server] MySQL Server - start.
2025-06-25T06:45:38.940652Z 0 [System] [MY-010116] [Server] C:\Program Files\MySQL\MySQL Server 9.3\bin\mysqld.exe (mysqld 9.3.0) starting as process 6072
2025-06-25T06:45:39.193990Z 1 [System] [MY-013576] [InnoDB] InnoDB initialization has started.
2025-06-25T06:45:44.542939Z 1 [System] [MY-013577] [InnoDB] InnoDB initialization has ended.
2025-06-25T06:45:45.139301Z 0 [System] [MY-010229] [Server] Starting XA crash recovery...
2025-06-25T06:45:45.143320Z 0 [System] [MY-010232] [Server] XA crash recovery finished.
2025-06-25T06:45:45.860990Z 0 [Warning] [MY-010068] [Server] CA certificate ca.pem is self signed.
2025-06-25T06:45:45.861267Z 0 [System] [MY-013602] [Server] Channel mysql_main configured to support TLS. Encrypted connections are now supported for this channel.
2025-06-25T06:45:45.982936Z 0 [System] [MY-011323] [Server] X Plugin ready for connections. Bind-address: '::' port: 33060
2025-06-25T06:45:45.983004Z 0 [System] [MY-010931] [Server] C:\Program Files\MySQL\MySQL Server 9.3\bin\mysqld.exe: ready for connections. Version: '9.3.0'  socket: ''  port: 3306  MySQL Community Server - GPL.
